e:\projects\c#\ventuzextention6\ventuz.extention\obj\debug\ventuz.extention.ipcameraproc.pch
e:\projects\c#\ventuzextention6\ventuz.extention\obj\debug\vc141.pdb
e:\projects\c#\ventuzextention6\ventuz.extention\obj\debug\vc141.idb
e:\projects\c#\ventuzextention6\ventuz.extention\obj\debug\stdafx.obj
e:\projects\c#\ventuzextention6\ventuz.extention\obj\debug\ipcameraproc.obj
e:\projects\c#\ventuzextention6\ventuz.extention\obj\debug\dllmain.obj
e:\projects\c#\ventuzextention6\ventuz.extention\obj\debug\videomanager.obj
e:\projects\c#\ventuzextention6\ventuz.extention\obj\debug\videofromsharememory.obj
e:\projects\c#\ventuzextention6\ventuz.extention\obj\debug\testvideo.obj
e:\projects\c#\ventuzextention6\ventuz.extention\obj\debug\syncvideo.obj
e:\projects\c#\ventuzextention6\ventuz.extention\obj\debug\sharememory.obj
e:\projects\c#\ventuzextention6\ventuz.extention\obj\debug\graspdesktop.obj
e:\projects\c#\ventuzextention6\ventuz.extention\obj\debug\asyncvideo.obj
e:\projects\c#\ventuzextention6\ventuz.extention\bin\debug\ventuz.extention.ipcameraproc.ilk
e:\projects\c#\ventuzextention6\ventuz.extention\bin\debug\ventuz.extention.ipcameraproc.dll
e:\projects\c#\ventuzextention6\ventuz.extention\bin\debug\ventuz.extention.ipcameraproc.pdb
e:\projects\c#\ventuzextention6\ventuz.extention\bin\debug\ventuz.extention.ipcameraproc.lib
e:\projects\c#\ventuzextention6\ventuz.extention\bin\debug\ventuz.extention.ipcameraproc.exp
e:\projects\c#\ventuzextention6\ventuz.extention\obj\debug\ventuz.extention.csproj.corecompileinputs.cache
e:\projects\c#\ventuzextention6\ventuz.extention\obj\debug\ventuz.extention.csproj.generateresource.cache
e:\projects\c#\ventuzextention6\ventuz.extention\obj\debug\ventuz.extention.csprojassemblyreference.cache
e:\projects\c#\ventuzextention6\ventuz.extention\obj\debug\ventuz.extention.matlib.componentlibary.resources
e:\projects\c#\ventuzextention6\ventuz.extention\obj\debug\ventuz.extention.matlib.searchdialog.resources
e:\projects\c#\ventuzextention6\ventuz.extention\obj\debug\ventuz.extention.properties.resources.resources
e:\projects\c#\ventuzextention6\ventuz.extention\obj\debug\ventuz.extention.ui.addmarker.resources
e:\projects\c#\ventuzextention6\ventuz.extention\obj\debug\ventuz.extention.ui.screensetting.resources
e:\projects\c#\ventuzextention6\ventuz.extention\obj\debug\ventuz.extention.pdb
e:\projects\c#\ventuzextention6\ventuz.extention\obj\debug\ventuz.e.55a8e42e.tlog\cl.command.1.tlog
e:\projects\c#\ventuzextention6\ventuz.extention\obj\debug\ventuz.e.55a8e42e.tlog\cl.read.1.tlog
e:\projects\c#\ventuzextention6\ventuz.extention\obj\debug\ventuz.e.55a8e42e.tlog\cl.write.1.tlog
e:\projects\c#\ventuzextention6\ventuz.extention\obj\debug\ventuz.e.55a8e42e.tlog\link.command.1.tlog
e:\projects\c#\ventuzextention6\ventuz.extention\obj\debug\ventuz.e.55a8e42e.tlog\link.read.1.tlog
e:\projects\c#\ventuzextention6\ventuz.extention\obj\debug\ventuz.e.55a8e42e.tlog\link.write.1.tlog
e:\projects\c#\ventuzextention6\ventuz.extention\obj\debug\ventuz.e.55a8e42e.tlog\ventuz.extention.ipcameraproc.write.1u.tlog
